> Task :checkKotlinGradlePluginConfigurationErrors
> Task :processResources
> Task :processTestResources NO-SOURCE
> Task :compileKotlin
> Task :compileJava NO-SOURCE
> Task :classes
> Task :jar
> Task :startScripts
> Task :distTar
> Task :distZip
> Task :shadowJar
> Task :startShadowScripts
> Task :shadowDistTar
> Task :shadowDistZip
> Task :assemble
> Task :compileTestKotlin
> Task :compileTestJava NO-SOURCE
> Task :testClasses UP-TO-DATE

> Task :test

ApplicationTest > testRoot FAILED
    io.ktor.server.application.DuplicatePluginException at ApplicationPlugin.kt:114
        Caused by: io.ktor.server.application.DuplicatePluginException at ApplicationPlugin.kt:114

1 test completed, 1 failed

> Task :test FAILED

[Incubating] Problems report is available at: file:///C:/Users/saida/OneDrive/Documents/Gradix/build/reports/problems/problems-report.html

FAILURE: Build failed with an exception.

* What went wrong:
Execution failed for task ':test'.
> There were failing tests. See the report at: file:///C:/Users/saida/OneDrive/Documents/Gradix/build/reports/tests/test/index.html

* Try:
> Run with --scan to get full insights.

Deprecated Gradle features were used in this build, making it incompatible with Gradle 9.0.

You can use '--warning-mode all' to show the individual deprecation warnings and determine if they come from your own scripts or plugins.

For more on this, please refer to https://docs.gradle.org/8.14/userguide/command_line_interface.html#sec:command_line_warnings in the Gradle documentation.

BUILD FAILED in 21s
13 actionable tasks: 13 executed
